Build started 30/07/2015 13:50:04.
     1>Project "C:\Users\Miguel\workspace\pygeomod\pygeomod\libgeomodwin1\APIexample.vcxproj" on node 2 (Build target(s)).
     1>ClCompile:
         C:\Program Files (x86)\Microsoft Visual Studio 12.0\VC\bin\x86_amd64\CL.exe /c /Zi /nologo /W3 /WX- /O2 /GL /D WIN32 /D NDEBUG /D _WINDOWS /D _WINDLL /Gm- /EHsc /MD /GS /fp:precise /Zc:wchar_t /Zc:forScope /Fo"x64\Release\\" /Fd"x64\Release\vc120.pdb" /Gd /TP /errorReport:prompt geomodeller_control_2.cpp
         geomodeller_control_2.cpp
     1>geomodeller_control_2.cpp(45): warning C4244: '=' : conversion from 'double' to 'int', possible loss of data
     1>geomodeller_control_2.cpp(46): warning C4244: '=' : conversion from 'double' to 'int', possible loss of data
     1>geomodeller_control_2.cpp(47): warning C4244: '=' : conversion from 'double' to 'int', possible loss of data
     1>geomodeller_control_2.cpp(48): warning C4244: '=' : conversion from 'double' to 'int', possible loss of data
     1>geomodeller_control_2.cpp(49): warning C4244: '=' : conversion from 'double' to 'int', possible loss of data
     1>geomodeller_control_2.cpp(50): warning C4244: '=' : conversion from 'double' to 'int', possible loss of data
     1>geomodeller_control_2.cpp(124): warning C4996: 'fopen': This function or variable may be unsafe. Consider using fopen_s instead. To disable deprecation, use _CRT_SECURE_NO_WARNINGS. See online help for details.
                 C:\Program Files (x86)\Microsoft Visual Studio 12.0\VC\include\stdio.h(211) : see declaration of 'fopen'
     1>geomodeller_control_2.cpp(177): warning C4996: 'fopen': This function or variable may be unsafe. Consider using fopen_s instead. To disable deprecation, use _CRT_SECURE_NO_WARNINGS. See online help for details.
                 C:\Program Files (x86)\Microsoft Visual Studio 12.0\VC\include\stdio.h(211) : see declaration of 'fopen'
     1>geomodeller_control_2.cpp(187): warning C4996: 'fopen': This function or variable may be unsafe. Consider using fopen_s instead. To disable deprecation, use _CRT_SECURE_NO_WARNINGS. See online help for details.
                 C:\Program Files (x86)\Microsoft Visual Studio 12.0\VC\include\stdio.h(211) : see declaration of 'fopen'
     1>geomodeller_control_2.cpp(203): warning C4101: 'zmin' : unreferenced local variable
     1>geomodeller_control_2.cpp(203): warning C4101: 'zmax' : unreferenced local variable
     1>geomodeller_control_2.cpp(203): warning C4101: 'ymin' : unreferenced local variable
     1>geomodeller_control_2.cpp(203): warning C4101: 'xmax' : unreferenced local variable
     1>geomodeller_control_2.cpp(203): warning C4101: 'xmin' : unreferenced local variable
     1>geomodeller_control_2.cpp(203): warning C4101: 'ymax' : unreferenced local variable
       Link:
         C:\Program Files (x86)\Microsoft Visual Studio 12.0\VC\bin\x86_amd64\link.exe /ERRORREPORT:PROMPT /OUT:"C:\Users\Miguel\workspace\pygeomod\pygeomod\libgeomodwin1\x64\Release\libgeomodwin_op.dll" /INCREMENTAL /NOLOGO kernel32.lib user32.lib gdi32.lib winspool.lib comdlg32.lib advapi32.lib shell32.lib ole32.lib oleaut32.lib uuid.lib odbc32.lib odbccp32.lib ../../bin/geomodellerapi.lib kernel32.lib user32.lib gdi32.lib winspool.lib comdlg32.lib advapi32.lib shell32.lib ole32.lib oleaut32.lib uuid.lib odbc32.lib odbccp32.lib /MANIFEST /MANIFESTUAC:"level='asInvoker' uiAccess='false'" /manifest:embed /DEBUG /PDB:"C:\Users\Miguel\workspace\pygeomod\pygeomod\libgeomodwin1\x64\Release\libgeomodwin_op.pdb" /SUBSYSTEM:CONSOLE /OPT:REF /OPT:ICF /LTCG /TLBID:1 /DYNAMICBASE /NXCOMPAT /IMPLIB:"C:\Users\Miguel\workspace\pygeomod\pygeomod\libgeomodwin1\x64\Release\libgeomodwin_op.lib" /MACHINE:X64 /DLL x64\Release\geomodeller_control_2.obj
         x64\Release\stdafx.obj
         ..\..\bin\geomodellerapi.lib
     1>LINK : warning LNK4075: ignoring '/INCREMENTAL' due to '/LTCG' specification
     1>LINK : fatal error LNK1181: cannot open input file '../../bin/geomodellerapi.lib'
     1>Done Building Project "C:\Users\Miguel\workspace\pygeomod\pygeomod\libgeomodwin1\APIexample.vcxproj" (Build target(s)) -- FAILED.

Build FAILED.

Time Elapsed 00:00:01.12
